<?xml version="1.0" encoding="UTF-8"?>
<testsuite xmlns:xsi="http://www.w3.org/2001/XMLSchema-instance" xsi:noNamespaceSchemaLocation="https://maven.apache.org/surefire/maven-surefire-plugin/xsd/surefire-test-report.xsd" name="one.mainTest" time="18.283" tests="3" errors="0" skipped="0" failures="0">
  <properties>
    <property name="sun.desktop" value="gnome"/>
    <property name="awt.toolkit" value="sun.awt.X11.XToolkit"/>
    <property name="java.specification.version" value="10"/>
    <property name="file.encoding.pkg" value="sun.io"/>
    <property name="sun.cpu.isalist" value=""/>
    <property name="sun.jnu.encoding" value="UTF-8"/>
    <property name="java.class.path" value="/home/kamalesh/github/blackhole/tests/10/target/test-classes:/home/kamalesh/github/blackhole/tests/10/target/classes:/home/kamalesh/.m2/repository/junit/junit/4.11/junit-4.11.jar:/home/kamalesh/.m2/repository/org/hamcrest/hamcrest-core/1.3/hamcrest-core-1.3.jar:/home/kamalesh/.m2/repository/org/seleniumhq/selenium/selenium-java/2.53.0/selenium-java-2.53.0.jar:/home/kamalesh/.m2/repository/org/seleniumhq/selenium/selenium-chrome-driver/2.53.0/selenium-chrome-driver-2.53.0.jar:/home/kamalesh/.m2/repository/org/seleniumhq/selenium/selenium-remote-driver/2.53.0/selenium-remote-driver-2.53.0.jar:/home/kamalesh/.m2/repository/cglib/cglib-nodep/2.1_3/cglib-nodep-2.1_3.jar:/home/kamalesh/.m2/repository/com/google/code/gson/gson/2.3.1/gson-2.3.1.jar:/home/kamalesh/.m2/repository/org/seleniumhq/selenium/selenium-api/2.53.0/selenium-api-2.53.0.jar:/home/kamalesh/.m2/repository/org/apache/httpcomponents/httpclient/4.5.1/httpclient-4.5.1.jar:/home/kamalesh/.m2/repository/org/apache/httpcomponents/httpcore/4.4.3/httpcore-4.4.3.jar:/home/kamalesh/.m2/repository/commons-logging/commons-logging/1.2/commons-logging-1.2.jar:/home/kamalesh/.m2/repository/com/google/guava/guava/19.0/guava-19.0.jar:/home/kamalesh/.m2/repository/org/seleniumhq/selenium/selenium-edge-driver/2.53.0/selenium-edge-driver-2.53.0.jar:/home/kamalesh/.m2/repository/commons-io/commons-io/2.4/commons-io-2.4.jar:/home/kamalesh/.m2/repository/org/apache/commons/commons-exec/1.3/commons-exec-1.3.jar:/home/kamalesh/.m2/repository/org/seleniumhq/selenium/selenium-firefox-driver/2.53.0/selenium-firefox-driver-2.53.0.jar:/home/kamalesh/.m2/repository/org/seleniumhq/selenium/selenium-ie-driver/2.53.0/selenium-ie-driver-2.53.0.jar:/home/kamalesh/.m2/repository/net/java/dev/jna/jna/4.1.0/jna-4.1.0.jar:/home/kamalesh/.m2/repository/net/java/dev/jna/jna-platform/4.1.0/jna-platform-4.1.0.jar:/home/kamalesh/.m2/repository/org/seleniumhq/selenium/selenium-safari-driver/2.53.0/selenium-safari-driver-2.53.0.jar:/home/kamalesh/.m2/repository/io/netty/netty/3.5.7.Final/netty-3.5.7.Final.jar:/home/kamalesh/.m2/repository/org/seleniumhq/selenium/selenium-support/2.53.0/selenium-support-2.53.0.jar:/home/kamalesh/.m2/repository/org/seleniumhq/selenium/selenium-leg-rc/2.53.0/selenium-leg-rc-2.53.0.jar:/home/kamalesh/.m2/repository/org/seleniumhq/selenium/selenium-server/2.53.0/selenium-server-2.53.0.jar:/home/kamalesh/.m2/repository/com/beust/jcommander/1.48/jcommander-1.48.jar:/home/kamalesh/.m2/repository/org/bouncycastle/bcprov-jdk15on/1.48/bcprov-jdk15on-1.48.jar:/home/kamalesh/.m2/repository/org/bouncycastle/bcpkix-jdk15on/1.48/bcpkix-jdk15on-1.48.jar:/home/kamalesh/.m2/repository/mx4j/mx4j-tools/3.0.1/mx4j-tools-3.0.1.jar:/home/kamalesh/.m2/repository/org/seleniumhq/selenium/jetty-repacked/9.2.13.v20150730/jetty-repacked-9.2.13.v20150730.jar:/home/kamalesh/.m2/repository/javax/servlet/javax.servlet-api/3.1.0/javax.servlet-api-3.1.0.jar:/home/kamalesh/.m2/repository/org/seleniumhq/selenium/jetty-rc-repacked/5/jetty-rc-repacked-5.jar:/home/kamalesh/.m2/repository/net/jcip/jcip-annotations/1.0/jcip-annotations-1.0.jar:/home/kamalesh/.m2/repository/org/yaml/snakeyaml/1.8/snakeyaml-1.8.jar:/home/kamalesh/.m2/repository/commons-codec/commons-codec/1.10/commons-codec-1.10.jar:"/>
    <property name="java.vm.vendor" value="Oracle Corporation"/>
    <property name="sun.arch.data.model" value="64"/>
    <property name="java.vendor.url" value="http://java.oracle.com/"/>
    <property name="user.timezone" value=""/>
    <property name="java.vm.specification.version" value="10"/>
    <property name="os.name" value="Linux"/>
    <property name="sun.java.launcher" value="SUN_STANDARD"/>
    <property name="user.country" value="US"/>
    <property name="sun.boot.library.path" value="/usr/lib/jvm/java-11-openjdk-amd64/lib"/>
    <property name="sun.java.command" value="/home/kamalesh/github/blackhole/tests/10/target/surefire/surefirebooter4581941041295787132.jar /home/kamalesh/github/blackhole/tests/10/target/surefire 2019-04-03T21-52-14_384-jvmRun1 surefire2229831467019340459tmp surefire_013947500744596543908tmp"/>
    <property name="jdk.debug" value="release"/>
    <property name="surefire.test.class.path" value="/home/kamalesh/github/blackhole/tests/10/target/test-classes:/home/kamalesh/github/blackhole/tests/10/target/classes:/home/kamalesh/.m2/repository/junit/junit/4.11/junit-4.11.jar:/home/kamalesh/.m2/repository/org/hamcrest/hamcrest-core/1.3/hamcrest-core-1.3.jar:/home/kamalesh/.m2/repository/org/seleniumhq/selenium/selenium-java/2.53.0/selenium-java-2.53.0.jar:/home/kamalesh/.m2/repository/org/seleniumhq/selenium/selenium-chrome-driver/2.53.0/selenium-chrome-driver-2.53.0.jar:/home/kamalesh/.m2/repository/org/seleniumhq/selenium/selenium-remote-driver/2.53.0/selenium-remote-driver-2.53.0.jar:/home/kamalesh/.m2/repository/cglib/cglib-nodep/2.1_3/cglib-nodep-2.1_3.jar:/home/kamalesh/.m2/repository/com/google/code/gson/gson/2.3.1/gson-2.3.1.jar:/home/kamalesh/.m2/repository/org/seleniumhq/selenium/selenium-api/2.53.0/selenium-api-2.53.0.jar:/home/kamalesh/.m2/repository/org/apache/httpcomponents/httpclient/4.5.1/httpclient-4.5.1.jar:/home/kamalesh/.m2/repository/org/apache/httpcomponents/httpcore/4.4.3/httpcore-4.4.3.jar:/home/kamalesh/.m2/repository/commons-logging/commons-logging/1.2/commons-logging-1.2.jar:/home/kamalesh/.m2/repository/com/google/guava/guava/19.0/guava-19.0.jar:/home/kamalesh/.m2/repository/org/seleniumhq/selenium/selenium-edge-driver/2.53.0/selenium-edge-driver-2.53.0.jar:/home/kamalesh/.m2/repository/commons-io/commons-io/2.4/commons-io-2.4.jar:/home/kamalesh/.m2/repository/org/apache/commons/commons-exec/1.3/commons-exec-1.3.jar:/home/kamalesh/.m2/repository/org/seleniumhq/selenium/selenium-firefox-driver/2.53.0/selenium-firefox-driver-2.53.0.jar:/home/kamalesh/.m2/repository/org/seleniumhq/selenium/selenium-ie-driver/2.53.0/selenium-ie-driver-2.53.0.jar:/home/kamalesh/.m2/repository/net/java/dev/jna/jna/4.1.0/jna-4.1.0.jar:/home/kamalesh/.m2/repository/net/java/dev/jna/jna-platform/4.1.0/jna-platform-4.1.0.jar:/home/kamalesh/.m2/repository/org/seleniumhq/selenium/selenium-safari-driver/2.53.0/selenium-safari-driver-2.53.0.jar:/home/kamalesh/.m2/repository/io/netty/netty/3.5.7.Final/netty-3.5.7.Final.jar:/home/kamalesh/.m2/repository/org/seleniumhq/selenium/selenium-support/2.53.0/selenium-support-2.53.0.jar:/home/kamalesh/.m2/repository/org/seleniumhq/selenium/selenium-leg-rc/2.53.0/selenium-leg-rc-2.53.0.jar:/home/kamalesh/.m2/repository/org/seleniumhq/selenium/selenium-server/2.53.0/selenium-server-2.53.0.jar:/home/kamalesh/.m2/repository/com/beust/jcommander/1.48/jcommander-1.48.jar:/home/kamalesh/.m2/repository/org/bouncycastle/bcprov-jdk15on/1.48/bcprov-jdk15on-1.48.jar:/home/kamalesh/.m2/repository/org/bouncycastle/bcpkix-jdk15on/1.48/bcpkix-jdk15on-1.48.jar:/home/kamalesh/.m2/repository/mx4j/mx4j-tools/3.0.1/mx4j-tools-3.0.1.jar:/home/kamalesh/.m2/repository/org/seleniumhq/selenium/jetty-repacked/9.2.13.v20150730/jetty-repacked-9.2.13.v20150730.jar:/home/kamalesh/.m2/repository/javax/servlet/javax.servlet-api/3.1.0/javax.servlet-api-3.1.0.jar:/home/kamalesh/.m2/repository/org/seleniumhq/selenium/jetty-rc-repacked/5/jetty-rc-repacked-5.jar:/home/kamalesh/.m2/repository/net/jcip/jcip-annotations/1.0/jcip-annotations-1.0.jar:/home/kamalesh/.m2/repository/org/yaml/snakeyaml/1.8/snakeyaml-1.8.jar:/home/kamalesh/.m2/repository/commons-codec/commons-codec/1.10/commons-codec-1.10.jar:"/>
    <property name="sun.cpu.endian" value="little"/>
    <property name="user.home" value="/home/kamalesh"/>
    <property name="user.language" value="en"/>
    <property name="java.specification.vendor" value="Oracle Corporation"/>
    <property name="java.version.date" value="2018-07-17"/>
    <property name="java.home" value="/usr/lib/jvm/java-11-openjdk-amd64"/>
    <property name="file.separator" value="/"/>
    <property name="basedir" value="/home/kamalesh/github/blackhole/tests/10"/>
    <property name="java.vm.compressedOopsMode" value="32-bit"/>
    <property name="line.separator" value="&#10;"/>
    <property name="java.specification.name" value="Java Platform API Specification"/>
    <property name="java.vm.specification.vendor" value="Oracle Corporation"/>
    <property name="java.awt.graphicsenv" value="sun.awt.X11GraphicsEnvironment"/>
    <property name="surefire.real.class.path" value="/home/kamalesh/github/blackhole/tests/10/target/surefire/surefirebooter4581941041295787132.jar"/>
    <property name="sun.management.compiler" value="HotSpot 64-Bit Tiered Compilers"/>
    <property name="java.runtime.version" value="10.0.2+13-Ubuntu-1ubuntu0.18.04.4"/>
    <property name="user.name" value="kamalesh"/>
    <property name="path.separator" value=":"/>
    <property name="os.version" value="4.15.0-46-generic"/>
    <property name="java.runtime.name" value="OpenJDK Runtime Environment"/>
    <property name="file.encoding" value="UTF-8"/>
    <property name="java.vm.name" value="OpenJDK 64-Bit Server VM"/>
    <property name="localRepository" value="/home/kamalesh/.m2/repository"/>
    <property name="java.vendor.url.bug" value="http://bugreport.java.com/bugreport/"/>
    <property name="java.io.tmpdir" value="/tmp"/>
    <property name="java.version" value="10.0.2"/>
    <property name="user.dir" value="/home/kamalesh/github/blackhole/tests/10"/>
    <property name="os.arch" value="amd64"/>
    <property name="java.vm.specification.name" value="Java Virtual Machine Specification"/>
    <property name="java.awt.printerjob" value="sun.print.PSPrinterJob"/>
    <property name="sun.os.patch.level" value="unknown"/>
    <property name="java.library.path" value="/usr/java/packages/lib:/usr/lib/x86_64-linux-gnu/jni:/lib/x86_64-linux-gnu:/usr/lib/x86_64-linux-gnu:/usr/lib/jni:/lib:/usr/lib"/>
    <property name="java.vendor" value="Oracle Corporation"/>
    <property name="java.vm.info" value="mixed mode"/>
    <property name="java.vm.version" value="10.0.2+13-Ubuntu-1ubuntu0.18.04.4"/>
    <property name="sun.io.unicode.encoding" value="UnicodeLittle"/>
    <property name="java.class.version" value="54.0"/>
  </properties>
  <testcase name="junitTest2" classname="one.mainTest" time="0.094"/>
  <testcase name="secondJunitTest" classname="one.mainTest" time="0"/>
  <testcase name="junitTest" classname="one.mainTest" time="4.141"/>
</testsuite>